This file contains any messages produced by compilers while
running configure, to aid debugging if configure makes a mistake.

It was created by configure, which was
generated by GNU Autoconf 2.53.  Invocation command line was

  $ ./configure 

## --------- ##
## Platform. ##
## --------- ##

hostname = D78
uname -m = i686
uname -r = 2.4.20-4GB
uname -s = Linux
uname -v = #1 Mon Mar 17 17:54:44 UTC 2003

/usr/bin/uname -p = unknown
/bin/uname -X     = unknown

/bin/arch              = i686
/usr/bin/arch -k       = unknown
/usr/convex/getsysinfo = unknown
hostinfo               = unknown
/bin/machine           = unknown
/usr/bin/oslevel       = unknown
/bin/universe          = unknown

PATH: /work/src/bin
PATH: /work/src/bin/tools
PATH: /suse/jw/bin
PATH: /usr/sbin
PATH: /usr/lib/qt3/bin
PATH: /opt/gnome2/bin
PATH: /usr/lib/SunJava2/bin
PATH: /suse/jw/bin
PATH: /usr/sbin
PATH: /usr/lib/qt3/bin
PATH: /opt/gnome2/bin
PATH: /usr/lib/SunJava2/bin
PATH: /suse/ventas/bin
PATH: /suse/ventas/bin
PATH: /suse/ventas/bin
PATH: /suse/ventas/bin
PATH: /suse/bin
PATH: /suse/jw/bin
PATH: /usr/local/bin
PATH: /usr/bin
PATH: /usr/X11R6/bin
PATH: /bin
PATH: /usr/games
PATH: /opt/gnome2/bin
PATH: /opt/gnome/bin
PATH: /opt/kde3/bin
PATH: /usr/lib/java/jre/bin
PATH: /opt/gnome/bin
PATH: /usr/lib/java/jre/bin
PATH: /opt/gnome/bin
PATH: /usr/lib/java/jre/bin
PATH: /opt/gnome/bin


## ----------- ##
## Core tests. ##
## ----------- ##

configure:1213: checking for screen
configure:1231: found /usr/bin/screen
configure:1243: result: /usr/bin/screen
configure:1395: checking for gcc
configure:1411: found /usr/bin/gcc
configure:1421: result: gcc
configure:1665: checking for C compiler version
configure:1668: gcc --version </dev/null >&5
gcc (GCC) 3.3 20030226 (prerelease) (SuSE Linux)
Copyright (C) 2002 Free Software Foundation, Inc.
This is free software; see the source for copying conditions.  There is NO
warranty; not even for MERCHANTABILITY or FITNESS FOR A PARTICULAR PURPOSE.

configure:1671: $? = 0
configure:1673: gcc -v </dev/null >&5
Reading specs from /usr/lib/gcc-lib/i486-suse-linux/3.3/specs
Configured with: ../configure --enable-threads=posix --prefix=/usr --with-local-prefix=/usr/local --infodir=/usr/share/info --mandir=/usr/share/man --libdir=/usr/lib --enable-languages=c,c++,f77,objc,java,ada --disable-checking --enable-libgcj --with-gxx-include-dir=/usr/include/g++ --with-slibdir=/lib --with-system-zlib --enable-shared --enable-__cxa_atexit i486-suse-linux
Thread model: posix
gcc version 3.3 20030226 (prerelease) (SuSE Linux)
configure:1676: $? = 0
configure:1678: gcc -V </dev/null >&5
gcc: `-V' option must have argument
configure:1681: $? = 1
configure:1707: checking for C compiler default output
configure:1710: gcc    conftest.c  >&5
configure:1713: $? = 0
configure:1746: result: a.out
configure:1751: checking whether the C compiler works
configure:1757: ./a.out
configure:1760: $? = 0
configure:1775: result: yes
configure:1782: checking whether we are cross compiling
configure:1784: result: no
configure:1787: checking for suffix of executables
configure:1789: gcc -o conftest    conftest.c  >&5
configure:1792: $? = 0
configure:1814: result: 
configure:1820: checking for suffix of object files
configure:1844: gcc -c   conftest.c >&5
configure:1847: $? = 0
configure:1866: result: o
configure:1870: checking whether we are using the GNU C compiler
configure:1897: gcc -c   conftest.c >&5
configure:1900: $? = 0
configure:1903: test -s conftest.o
configure:1906: $? = 0
configure:1918: result: yes
configure:1924: checking whether gcc accepts -g
configure:1948: gcc -c -g  conftest.c >&5
configure:1951: $? = 0
configure:1954: test -s conftest.o
configure:1957: $? = 0
configure:1967: result: yes
configure:1994: gcc -c -g -O2  conftest.c >&5
conftest.c:2: error: parse error before "me"
configure:1997: $? = 1
configure: failed program was:
#ifndef __cplusplus
  choke me
#endif
configure:2112: checking how to run the C preprocessor
configure:2138: gcc -E  conftest.c
configure:2144: $? = 0
configure:2171: gcc -E  conftest.c
configure:2167:28: ac_nonexistent.h: No such file or directory
configure:2177: $? = 1
configure: failed program was:
#line 2166 "configure"
#include "confdefs.h"
#include <ac_nonexistent.h>
configure:2214: result: gcc -E
configure:2229: gcc -E  conftest.c
configure:2235: $? = 0
configure:2262: gcc -E  conftest.c
configure:2258:28: ac_nonexistent.h: No such file or directory
configure:2268: $? = 1
configure: failed program was:
#line 2257 "configure"
#include "confdefs.h"
#include <ac_nonexistent.h>
configure:2310: checking whether gcc needs -traditional
configure:2346: result: no
configure:2353: checking for library containing strerror
configure:2386: gcc -o conftest -g -O2   conftest.c  >&5
configure:2389: $? = 0
configure:2392: test -s conftest
configure:2395: $? = 0
configure:2454: result: none required
configure:2473: gcc -o conftest -g -O2   conftest.c  >&5
configure:2476: $? = 0
configure:2478: ./conftest
configure:2481: $? = 0
configure:2515: gcc -o conftest -g -O2   conftest.c  >&5
configure:2518: $? = 0
configure:2520: ./conftest
configure:2523: $? = 0
configure:2561: gcc -o conftest -g -O2   conftest.c  >&5
/tmp/ccyYLlpv.o(.text+0xf): In function `main':
/suse/jw/src/screen/screen-4.0.0/configure:2554: undefined reference to `__something_strange_'
collect2: ld returned 1 exit status
configure:2564: $? = 1
configure: program exited with status 1
configure: failed program was:
#line 2549 "configure"
#include "confdefs.h"

main()
{
  int __something_strange_();
  __something_strange_(0);
}

configure:2586: checking for gawk
configure:2602: found /usr/bin/gawk
configure:2612: result: gawk
configure:2660: checking for a BSD-compatible install
configure:2714: result: /usr/bin/install -c
configure:2727: checking for buggy tools...
configure:2734: checking if a system-wide socket dir should be used
configure:2745: result: yes
configure:2747: checking for the socket dir
configure:2756: result: (eff_uid ? "/tmp/uscreens" : "/tmp/screens")
configure:2782: checking for MIPS...
configure:2915: checking for Ultrix...
configure:2979: checking for butterfly...
configure:3000: checking for POSIX.1...
configure:3025: checking for System V...
configure:3048: gcc -c -g -O2  conftest.c >&5
configure:3051: $? = 0
configure:3054: test -s conftest.o
configure:3057: $? = 0
configure:3070: checking for sequent/ptx...
configure:3089: checking SVR4...
configure:3091: checking for ANSI C header files
configure:3105: gcc -E  conftest.c
configure:3111: $? = 0
configure:3196: gcc -o conftest -g -O2   conftest.c  -lelf >&5
/usr/lib/gcc-lib/i486-suse-linux/3.3/../../../../i486-suse-linux/bin/ld: cannot find -lelf
collect2: ld returned 1 exit status
configure:3199: $? = 1
configure: program exited with status 1
configure: failed program was:
#line 3171 "configure"
#include "confdefs.h"
#include <ctype.h>
#if ((' ' & 0x0FF) == 0x020)
# define ISLOWER(c) ('a' <= (c) && (c) <= 'z')
# define TOUPPER(c) (ISLOWER(c) ? 'A' + ((c) - 'a') : (c))
#else
# define ISLOWER(c) (('a' <= (c) && (c) <= 'i')                      || ('j' <= (c) && (c) <= 'r')                      || ('s' <= (c) && (c) <= 'z'))
# define TOUPPER(c) (ISLOWER(c) ? ((c) | 0x40) : (c))
#endif

#define XOR(e, f) (((e) && !(f)) || (!(e) && (f)))
int
main ()
{
  int i;
  for (i = 0; i < 256; i++)
    if (XOR (islower (i), ISLOWER (i))
        || toupper (i) != TOUPPER (i))
      exit(2);
  exit (0);
}
configure:3218: result: no
configure:3242: checking for sys/types.h
configure:3255: gcc -c -g -O2  conftest.c >&5
configure:3258: $? = 0
configure:3261: test -s conftest.o
configure:3264: $? = 0
configure:3274: result: yes
configure:3242: checking for sys/stat.h
configure:3255: gcc -c -g -O2  conftest.c >&5
configure:3258: $? = 0
configure:3261: test -s conftest.o
configure:3264: $? = 0
configure:3274: result: yes
configure:3242: checking for stdlib.h
configure:3255: gcc -c -g -O2  conftest.c >&5
configure:3258: $? = 0
configure:3261: test -s conftest.o
configure:3264: $? = 0
configure:3274: result: yes
configure:3242: checking for string.h
configure:3255: gcc -c -g -O2  conftest.c >&5
configure:3258: $? = 0
configure:3261: test -s conftest.o
configure:3264: $? = 0
configure:3274: result: yes
configure:3242: checking for memory.h
configure:3255: gcc -c -g -O2  conftest.c >&5
configure:3258: $? = 0
configure:3261: test -s conftest.o
configure:3264: $? = 0
configure:3274: result: yes
configure:3242: checking for strings.h
configure:3255: gcc -c -g -O2  conftest.c >&5
configure:3258: $? = 0
configure:3261: test -s conftest.o
configure:3264: $? = 0
configure:3274: result: yes
configure:3242: checking for inttypes.h
configure:3255: gcc -c -g -O2  conftest.c >&5
configure:3258: $? = 0
configure:3261: test -s conftest.o
configure:3264: $? = 0
configure:3274: result: yes
configure:3242: checking for stdint.h
configure:3255: gcc -c -g -O2  conftest.c >&5
configure:3258: $? = 0
configure:3261: test -s conftest.o
configure:3264: $? = 0
configure:3274: result: yes
configure:3242: checking for unistd.h
configure:3255: gcc -c -g -O2  conftest.c >&5
configure:3258: $? = 0
configure:3261: test -s conftest.o
configure:3264: $? = 0
configure:3274: result: yes
configure:3306: gcc -o conftest -g -O2   conftest.c  -lelf >&5
/usr/lib/gcc-lib/i486-suse-linux/3.3/../../../../i486-suse-linux/bin/ld: cannot find -lelf
collect2: ld returned 1 exit status
configure:3309: $? = 1
configure: failed program was:
#line 3286 "configure"
#include "confdefs.h"
#include <utmpx.h>

#ifdef F77_DUMMY_MAIN
#  ifdef __cplusplus
     extern "C"
#  endif
   int F77_DUMMY_MAIN() { return 1; }
#endif
int
main ()
{

  ;
  return 0;
}
configure:3550: checking for Solaris 2.x...
configure:3569: checking BSD job jontrol...
configure:3603: gcc -o conftest -g -O2   conftest.c  >&5
configure:3606: $? = 0
configure:3609: test -s conftest
configure:3612: $? = 0
configure:3627: checking setreuid...
configure:3654: gcc -o conftest -g -O2   conftest.c  >&5
configure:3657: $? = 0
configure:3660: test -s conftest
configure:3663: $? = 0
configure:3674: checking seteuid...
configure:3701: gcc -o conftest -g -O2   conftest.c  >&5
/tmp/ccYKzC8S.o(.text+0xf): In function `main':
/suse/jw/src/screen/screen-4.0.0/configure:3689: undefined reference to `seteuid_is_broken'
collect2: ld returned 1 exit status
configure:3704: $? = 1
configure: failed program was:
#line 3676 "configure"
#include "confdefs.h"

#ifdef F77_DUMMY_MAIN
#  ifdef __cplusplus
     extern "C"
#  endif
   int F77_DUMMY_MAIN() { return 1; }
#endif
int
main ()
{

#if defined(linux) || defined(NeXT) || defined(_AUX_SOURCE) || defined(AUX) || defined(ultrix) || (defined(sun) && defined(SVR4)) || defined(ISC) || defined(sony_news)
seteuid_is_broken(0);
#else
seteuid(0);
#endif

  ;
  return 0;
}
configure:3723: checking select...
configure:3744: gcc -o conftest -g -O2   conftest.c  >&5
configure:3747: $? = 0
configure:3750: test -s conftest
configure:3753: $? = 0
configure:3805: checking fifos...
configure:3882: gcc -o conftest -g -O2   conftest.c  >&5
configure:3885: $? = 0
configure:3887: ./conftest
configure:3890: $? = 0
configure:3907: checking for broken fifo implementation...
configure:3964: gcc -o conftest -g -O2   conftest.c  >&5
configure:3967: $? = 0
configure:3969: ./conftest
configure:3972: $? = 0
configure:3993: checking sockets...
configure:4056: gcc -o conftest -g -O2   conftest.c  >&5
configure: In function `main':
configure:4040: warning: passing arg 2 of `accept' from incompatible pointer type
configure:4059: $? = 0
configure:4061: ./conftest
configure:4064: $? = 0
configure:4081: checking socket implementation...
configure:4119: gcc -o conftest -g -O2   conftest.c  >&5
configure:4122: $? = 0
configure:4124: ./conftest
configure:4127: $? = 0
configure:4187: checking select return value...
configure:4298: gcc -o conftest -g -O2   conftest.c  >&5
configure:4301: $? = 0
configure:4303: ./conftest
configure:4306: $? = 1
configure: program exited with status 1
configure: failed program was:
#line 4194 "configure"
#include "confdefs.h"

#include <sys/types.h>
#include <sys/stat.h>
#include <fcntl.h>

char *nam = "/tmp/conftest16728";

#ifdef NAMEDPIPE

#ifndef O_NONBLOCK
#define O_NONBLOCK O_NDELAY
#endif
#ifndef S_IFIFO
#define S_IFIFO 0010000
#endif


main()
{
#ifdef FD_SET
  fd_set f;
#else
  int f;
#endif

#ifdef __FreeBSD__
/* From Andrew A. Chernov (ache@astral.msk.su):
 * opening RDWR fifo fails in BSD 4.4, but select return values are
 * right.
 */
  exit(0);
#endif
  (void)alarm(5);
#ifdef POSIX
  if (mkfifo(nam, 0777))
#else
  if (mknod(nam, S_IFIFO|0777, 0))
#endif
    exit(1);
  close(0);
  if (open(nam, O_RDWR | O_NONBLOCK))
    exit(1);
  if (write(0, "TEST", 4) == -1)
    exit(1);

#else

#include <sys/types.h>
#include <sys/socket.h>
#include <sys/un.h>

main()
{
  int s1, s2, l;
  struct sockaddr_un a;
#ifdef FD_SET
  fd_set f;
#else
  int f;
#endif

  (void)alarm(5);
  if ((s1 = socket(AF_UNIX, SOCK_STREAM, 0)) == -1)
    exit(1);
  a.sun_family = AF_UNIX;
  strcpy(a.sun_path, nam);
  (void) unlink(nam);
  if (bind(s1, (struct sockaddr *) &a, strlen(nam)+2) == -1)
    exit(1);
  if (listen(s1, 2))
    exit(1);
  if (fork() == 0)
    {
      if ((s2 = socket(AF_UNIX, SOCK_STREAM, 0)) == -1)
	kill(getppid(), 3);
      (void)connect(s2, (struct sockaddr *)&a, strlen(nam) + 2);
      if (write(s2, "HELLO", 5) == -1)
	kill(getppid(), 3);
      exit(0);
    }
  l = sizeof(a);
  close(0);
  if (accept(s1, (struct sockaddr *)&a, &l))
    exit(1);
#endif


#ifdef FD_SET
  FD_SET(0, &f);
#else
  f = 1;
#endif
  if (select(1, &f, 0, 0, 0) == -1)
    exit(1);
  if (select(1, &f, &f, 0, 0) != 2)
    exit(1);
  exit(0);
}

configure:4324: checking for tgetent...
configure:4345: gcc -o conftest -g -O2   conftest.c  >&5
/tmp/cceXnbXr.o(.text+0x11): In function `main':
/suse/jw/src/screen/screen-4.0.0/configure:4337: undefined reference to `tgetent'
collect2: ld returned 1 exit status
configure:4348: $? = 1
configure: failed program was:
#line 4326 "configure"
#include "confdefs.h"

#ifdef F77_DUMMY_MAIN
#  ifdef __cplusplus
     extern "C"
#  endif
   int F77_DUMMY_MAIN() { return 1; }
#endif
int
main ()
{
tgetent((char *)0, (char *)0);
  ;
  return 0;
}
configure:4362: checking libcurses...
configure:4389: gcc -o conftest -g -O2   conftest.c -lcurses  >&5
/usr/lib/gcc-lib/i486-suse-linux/3.3/../../../../i486-suse-linux/bin/ld: cannot find -lcurses
collect2: ld returned 1 exit status
configure:4392: $? = 1
configure: failed program was:
#line 4364 "configure"
#include "confdefs.h"

#ifdef F77_DUMMY_MAIN
#  ifdef __cplusplus
     extern "C"
#  endif
   int F77_DUMMY_MAIN() { return 1; }
#endif
int
main ()
{

#ifdef __hpux
__sorry_hpux_libcurses_is_totally_broken_in_10_10();
#else
tgetent((char *)0, (char *)0);
#endif

  ;
  return 0;
}
configure:4405: checking libtermcap...
configure:4426: gcc -o conftest -g -O2   conftest.c -ltermcap  >&5
/usr/lib/gcc-lib/i486-suse-linux/3.3/../../../../i486-suse-linux/bin/ld: cannot find -ltermcap
collect2: ld returned 1 exit status
configure:4429: $? = 1
configure: failed program was:
#line 4407 "configure"
#include "confdefs.h"

#ifdef F77_DUMMY_MAIN
#  ifdef __cplusplus
     extern "C"
#  endif
   int F77_DUMMY_MAIN() { return 1; }
#endif
int
main ()
{
tgetent((char *)0, (char *)0);
  ;
  return 0;
}
configure:4442: checking libtermlib...
configure:4463: gcc -o conftest -g -O2   conftest.c -ltermlib  >&5
/usr/lib/gcc-lib/i486-suse-linux/3.3/../../../../i486-suse-linux/bin/ld: cannot find -ltermlib
collect2: ld returned 1 exit status
configure:4466: $? = 1
configure: failed program was:
#line 4444 "configure"
#include "confdefs.h"

#ifdef F77_DUMMY_MAIN
#  ifdef __cplusplus
     extern "C"
#  endif
   int F77_DUMMY_MAIN() { return 1; }
#endif
int
main ()
{
tgetent((char *)0, (char *)0);
  ;
  return 0;
}
configure:4479: checking libncurses...
configure:4500: gcc -o conftest -g -O2   conftest.c -lncurses  >&5
configure:4503: $? = 0
configure:4506: test -s conftest
configure:4509: $? = 0
configure:4544: gcc -o conftest -g -O2   conftest.c -lncurses  >&5
configure: In function `main':
configure:4538: warning: passing arg 1 of `strcmp' makes pointer from integer without a cast
configure:4547: $? = 0
configure:4549: ./conftest
configure:4552: $? = 1
configure: program exited with status 1
configure: failed program was:
#line 4534 "configure"
#include "confdefs.h"

main()
{
 exit(strcmp(tgoto("%p1%d", 0, 1), "1") ? 0 : 1);
}
configure:4569: checking ospeed...
configure:4590: gcc -o conftest -g -O2   conftest.c -lncurses  >&5
configure:4593: $? = 0
configure:4596: test -s conftest
configure:4599: $? = 0
configure:4612: checking for /dev/ptc...
configure:4621: checking for SVR4 ptys...
configure:4644: gcc -o conftest -g -O2   conftest.c -lncurses  >&5
configure:4647: $? = 0
configure:4650: test -s conftest
configure:4653: $? = 0
configure:4671: checking for getpt
configure:4714: gcc -o conftest -g -O2   conftest.c -lncurses  >&5
configure:4717: $? = 0
configure:4720: test -s conftest
configure:4723: $? = 0
configure:4733: result: yes
configure:4886: checking for ptyranges...
configure:4946: checking default tty permissions/group...
configure:4988: gcc -o conftest -g -O2   conftest.c -lncurses  >&5
configure:4991: $? = 0
configure:4993: ./conftest
mesg: ttyname: Inappropriate ioctl for device
configure:4996: $? = 0
configure:5148: checking getutent...
configure:5181: gcc -o conftest -g -O2   conftest.c -lncurses  >&5
configure:5184: $? = 0
configure:5187: test -s conftest
configure:5190: $? = 0
configure:5258: checking ut_host...
configure:5288: gcc -c -g -O2  conftest.c >&5
configure:5291: $? = 0
configure:5294: test -s conftest.o
configure:5297: $? = 0
configure:5318: checking utempter.h usability
configure:5327: gcc -c -g -O2  conftest.c >&5
configure:5330: $? = 0
configure:5333: test -s conftest.o
configure:5336: $? = 0
configure:5345: result: yes
configure:5349: checking utempter.h presence
configure:5356: gcc -E  conftest.c
configure:5362: $? = 0
configure:5380: result: yes
configure:5398: checking for utempter.h
configure:5405: result: yes
configure:5424: checking for libutil(s)...
configure:5429: checking getloadavg...
configure:5450: gcc -o conftest -g -O2   conftest.c -lncurses  -lutempter -lutil >&5
configure:5453: $? = 0
configure:5456: test -s conftest
configure:5459: $? = 0
configure:6073: checking for crypt and sec libraries...
configure:6078: checking crypt...
configure:6099: gcc -o conftest -g -O2   conftest.c -lncurses  -lutempter -lutil -lcrypt >&5
configure:6102: $? = 0
configure:6105: test -s conftest
configure:6108: $? = 0
configure:6121: checking IRIX sun library...
configure:6142: gcc -o conftest -g -O2   conftest.c -lncurses  -lutempter -lutil -lcrypt -lsun >&5
/usr/lib/gcc-lib/i486-suse-linux/3.3/../../../../i486-suse-linux/bin/ld: cannot find -lsun
collect2: ld returned 1 exit status
configure:6145: $? = 1
configure: failed program was:
#line 6123 "configure"
#include "confdefs.h"

#ifdef F77_DUMMY_MAIN
#  ifdef __cplusplus
     extern "C"
#  endif
   int F77_DUMMY_MAIN() { return 1; }
#endif
int
main ()
{

  ;
  return 0;
}
configure:6161: checking syslog...
configure:6182: gcc -o conftest -g -O2   conftest.c -lncurses  -lutempter -lutil -lcrypt >&5
configure:6185: $? = 0
configure:6188: test -s conftest
configure:6191: $? = 0
configure:6262: checking wait union...
configure:6291: gcc -c -g -O2  conftest.c >&5
configure:6294: $? = 0
configure:6297: test -s conftest.o
configure:6300: $? = 0
configure:6313: checking for termio or termios...
configure:6320: gcc -E  conftest.c
configure:6326: $? = 0
configure:6383: checking getspnam...
configure:6404: gcc -o conftest -g -O2   conftest.c -lncurses  -lutempter -lutil -lcrypt >&5
configure:6407: $? = 0
configure:6410: test -s conftest
configure:6413: $? = 0
configure:6425: checking getttyent...
configure:6446: gcc -o conftest -g -O2   conftest.c -lncurses  -lutempter -lutil -lcrypt >&5
configure:6449: $? = 0
configure:6452: test -s conftest
configure:6455: $? = 0
configure:6467: checking whether memcpy/memmove/bcopy handles overlapping arguments...
configure:6492: gcc -o conftest -g -O2   conftest.c -lncurses  -lutempter -lutil -lcrypt >&5
configure:6495: $? = 0
configure:6497: ./conftest
configure:6500: $? = 0
configure:6538: gcc -o conftest -g -O2   conftest.c -lncurses  -lutempter -lutil -lcrypt >&5
configure:6541: $? = 0
configure:6543: ./conftest
configure:6546: $? = 0
configure:6585: gcc -o conftest -g -O2   conftest.c -lncurses  -lutempter -lutil -lcrypt >&5
configure:6588: $? = 0
configure:6590: ./conftest
configure:6593: $? = 1
configure: program exited with status 1
configure: failed program was:
#line 6566 "configure"
#include "confdefs.h"

#define bcopy(s,d,l) memcpy(d,s,l)
main() {
  char buf[10];
  strcpy(buf, "abcdefghi");
  bcopy(buf, buf + 2, 3);
  if (strncmp(buf, "ababcf", 6))
    exit(1);
  strcpy(buf, "abcdefghi");
  bcopy(buf + 2, buf, 3);
  if (strncmp(buf, "cdedef", 6))
    exit(1);
  exit(0); /* libc version works properly.  */
}
configure:6607: checking long file names
configure:6613: result: yes
configure:6625: checking for vsprintf
configure:6646: gcc -o conftest -g -O2   conftest.c -lncurses  -lutempter -lutil -lcrypt >&5
configure:6649: $? = 0
configure:6652: test -s conftest
configure:6655: $? = 0
configure:6657: result: yes
configure:6678: checking for dirent.h that defines DIR
configure:6705: gcc -c -g -O2  conftest.c >&5
configure:6708: $? = 0
configure:6711: test -s conftest.o
configure:6714: $? = 0
configure:6724: result: yes
configure:6737: checking for library containing opendir
configure:6770: gcc -o conftest -g -O2   conftest.c -lncurses  -lutempter -lutil -lcrypt >&5
configure:6773: $? = 0
configure:6776: test -s conftest
configure:6779: $? = 0
configure:6838: result: none required
configure:6957: checking for setenv
configure:6978: gcc -o conftest -g -O2   conftest.c -lncurses  -lutempter -lutil -lcrypt >&5
configure:6981: $? = 0
configure:6984: test -s conftest
configure:6987: $? = 0
configure:6989: result: yes
configure:7046: checking for nl_langinfo(CODESET)
configure:7069: gcc -o conftest -g -O2   conftest.c -lncurses  -lutempter -lutil -lcrypt >&5
configure:7072: $? = 0
configure:7075: test -s conftest
configure:7078: $? = 0
configure:7080: result: yes
configure:7093: checking for library containing gethostname
configure:7126: gcc -o conftest -g -O2   conftest.c -lncurses  -lutempter -lutil -lcrypt >&5
configure:7129: $? = 0
configure:7132: test -s conftest
configure:7135: $? = 0
configure:7194: result: none required
configure:7216: checking for rename
configure:7259: gcc -o conftest -g -O2   conftest.c -lncurses  -lutempter -lutil -lcrypt >&5
configure:7262: $? = 0
configure:7265: test -s conftest
configure:7268: $? = 0
configure:7278: result: yes
configure:7216: checking for fchmod
configure:7259: gcc -o conftest -g -O2   conftest.c -lncurses  -lutempter -lutil -lcrypt >&5
configure:7262: $? = 0
configure:7265: test -s conftest
configure:7268: $? = 0
configure:7278: result: yes
configure:7216: checking for fchown
configure:7259: gcc -o conftest -g -O2   conftest.c -lncurses  -lutempter -lutil -lcrypt >&5
configure:7262: $? = 0
configure:7265: test -s conftest
configure:7268: $? = 0
configure:7278: result: yes
configure:7216: checking for strerror
configure:7259: gcc -o conftest -g -O2   conftest.c -lncurses  -lutempter -lutil -lcrypt >&5
configure:7262: $? = 0
configure:7265: test -s conftest
configure:7268: $? = 0
configure:7278: result: yes
configure:7216: checking for lstat
configure:7259: gcc -o conftest -g -O2   conftest.c -lncurses  -lutempter -lutil -lcrypt >&5
configure:7262: $? = 0
configure:7265: test -s conftest
configure:7268: $? = 0
configure:7278: result: yes
configure:7216: checking for _exit
configure:7259: gcc -o conftest -g -O2   conftest.c -lncurses  -lutempter -lutil -lcrypt >&5
configure:7262: $? = 0
configure:7265: test -s conftest
configure:7268: $? = 0
configure:7278: result: yes
configure:7216: checking for utimes
configure:7259: gcc -o conftest -g -O2   conftest.c -lncurses  -lutempter -lutil -lcrypt >&5
configure:7262: $? = 0
configure:7265: test -s conftest
configure:7268: $? = 0
configure:7278: result: yes
configure:7216: checking for vsnprintf
configure:7259: gcc -o conftest -g -O2   conftest.c -lncurses  -lutempter -lutil -lcrypt >&5
configure:7262: $? = 0
configure:7265: test -s conftest
configure:7268: $? = 0
configure:7278: result: yes
configure:7216: checking for getcwd
configure:7259: gcc -o conftest -g -O2   conftest.c -lncurses  -lutempter -lutil -lcrypt >&5
configure:7262: $? = 0
configure:7265: test -s conftest
configure:7268: $? = 0
configure:7278: result: yes
configure:7216: checking for setlocale
configure:7259: gcc -o conftest -g -O2   conftest.c -lncurses  -lutempter -lutil -lcrypt >&5
configure:7262: $? = 0
configure:7265: test -s conftest
configure:7268: $? = 0
configure:7278: result: yes
configure:7216: checking for strftime
configure:7259: gcc -o conftest -g -O2   conftest.c -lncurses  -lutempter -lutil -lcrypt >&5
configure:7262: $? = 0
configure:7265: test -s conftest
configure:7268: $? = 0
configure:7278: result: yes
configure:7410: gcc -o conftest -g -O2   conftest.c -lncurses  -lutempter -lutil -lcrypt >&5
configure:7413: $? = 0
configure:7415: ./conftest
configure:7418: $? = 0
configure:7437: checking for the global screenrc file
configure:7449: result: "/usr/etc/screenrc"
configure:7457: checking for the utf8-encodings location
configure:7463: result: "/usr/share/screen/utf8encodings"
configure:7548: creating ./config.status

## ---------------------- ##
## Running config.status. ##
## ---------------------- ##

This file was extended by config.status, which was
generated by GNU Autoconf 2.53.  Invocation command line was

  CONFIG_FILES    = 
  CONFIG_HEADERS  = 
  CONFIG_LINKS    = 
  CONFIG_COMMANDS = 
  $ ./config.status 

on D78

config.status:578: creating Makefile
config.status:578: creating doc/Makefile
config.status:682: creating config.h
config.status:984: executing default commands

## ---------------- ##
## Cache variables. ##
## ---------------- ##

ac_cv_c_compiler_gnu=yes
ac_cv_env_CC_set=
ac_cv_env_CC_value=
ac_cv_env_CFLAGS_set=
ac_cv_env_CFLAGS_value=
ac_cv_env_CPPFLAGS_set=
ac_cv_env_CPPFLAGS_value=
ac_cv_env_CPP_set=
ac_cv_env_CPP_value=
ac_cv_env_LDFLAGS_set=
ac_cv_env_LDFLAGS_value=
ac_cv_env_build_alias_set=
ac_cv_env_build_alias_value=
ac_cv_env_host_alias_set=
ac_cv_env_host_alias_value=
ac_cv_env_target_alias_set=
ac_cv_env_target_alias_value=
ac_cv_exeext=
ac_cv_func__exit=yes
ac_cv_func_fchmod=yes
ac_cv_func_fchown=yes
ac_cv_func_getcwd=yes
ac_cv_func_getpt=yes
ac_cv_func_lstat=yes
ac_cv_func_rename=yes
ac_cv_func_setlocale=yes
ac_cv_func_strerror=yes
ac_cv_func_strftime=yes
ac_cv_func_utimes=yes
ac_cv_func_vsnprintf=yes
ac_cv_header_dirent_dirent_h=yes
ac_cv_header_inttypes_h=yes
ac_cv_header_memory_h=yes
ac_cv_header_stdc=no
ac_cv_header_stdint_h=yes
ac_cv_header_stdlib_h=yes
ac_cv_header_string_h=yes
ac_cv_header_strings_h=yes
ac_cv_header_sys_stat_h=yes
ac_cv_header_sys_types_h=yes
ac_cv_header_unistd_h=yes
ac_cv_header_utempter_h=yes
ac_cv_objext=o
ac_cv_path_ac_prefix_program=/usr/bin/screen
ac_cv_path_install='/usr/bin/install -c'
ac_cv_prog_AWK=gawk
ac_cv_prog_CPP='gcc -E'
ac_cv_prog_ac_ct_CC=gcc
ac_cv_prog_cc_g=yes
ac_cv_prog_gcc_traditional=no
ac_cv_search_gethostname='none required'
ac_cv_search_opendir='none required'
ac_cv_search_strerror='none required'

## ----------- ##
## confdefs.h. ##
## ----------- ##

#define PACKAGE_NAME ""
#define PACKAGE_TARNAME ""
#define PACKAGE_VERSION ""
#define PACKAGE_STRING ""
#define PACKAGE_BUGREPORT ""
#define SOCKDIR (eff_uid ? "/tmp/uscreens" : "/tmp/screens")
#define POSIX 1
#define HAVE_SYS_TYPES_H 1
#define HAVE_SYS_STAT_H 1
#define HAVE_STDLIB_H 1
#define HAVE_STRING_H 1
#define HAVE_MEMORY_H 1
#define HAVE_STRINGS_H 1
#define HAVE_INTTYPES_H 1
#define HAVE_STDINT_H 1
#define HAVE_UNISTD_H 1
#define BSDJOBS 1
#define HAVE_SETREUID 1
#define NAMEDPIPE 1
#define SELECT_BROKEN 1
#define TERMINFO 1
#define HAVE_SVR4_PTYS 1
#define HAVE_GETPT 1
#define PTYRANGE0 "abcdepqrstuvwxyz"
#define PTYRANGE1 "0123456789abcdef"
#define PTYMODE 0620
#define PTYGROUP 5
#define GETUTENT 1
#define UTHOST 1
#define HAVE_UTEMPTER 1
#define LOADAV_GETLOADAVG 1
#define LOADAV 1
#define LOADAV_TYPE double
#define LOADAV_NUM 3
#define LOADAV_SCALE 1
#define SIGVOID 1
#define BSDWAIT 1
#define TERMIO 1
#define SHADOWPW 1
#define GETTTYENT 1
#define USEBCOPY 1
#define USEMEMMOVE 1
#define USEVARARGS 1
#define HAVE_DIRENT_H 1
#define USESETENV 1
#define HAVE_NL_LANGINFO 1
#define HAVE_RENAME 1
#define HAVE_FCHMOD 1
#define HAVE_FCHOWN 1
#define HAVE_STRERROR 1
#define HAVE_LSTAT 1
#define HAVE__EXIT 1
#define HAVE_UTIMES 1
#define HAVE_VSNPRINTF 1
#define HAVE_GETCWD 1
#define HAVE_SETLOCALE 1
#define HAVE_STRFTIME 1
#define ETCSCREENRC "/usr/etc/screenrc"
#define SCREENENCODINGS "/usr/share/screen/utf8encodings"

configure: exit 0
